-------------------------------------------------------------------------------
Test set: Test.SanhUnitTest
-------------------------------------------------------------------------------
Tests run: 5, Failures: 0, Errors: 5, Skipped: 0, Time elapsed: 0.077 s <<< FAILURE! - in Test.SanhUnitTest
Test.SanhUnitTest.Test5  Time elapsed: 0.018 s  <<< ERROR!
java.sql.SQLException: Access denied for user 'root'@'localhost' (using password: YES)
	at com.mycompany.qlnhahang/Test.SanhUnitTest.Test5(SanhUnitTest.java:97)

Test.SanhUnitTest.test2  Time elapsed: 0.018 s  <<< ERROR!
java.sql.SQLException: Access denied for user 'root'@'localhost' (using password: YES)
	at com.mycompany.qlnhahang/Test.SanhUnitTest.test2(SanhUnitTest.java:65)

Test.SanhUnitTest.test3  Time elapsed: 0.014 s  <<< ERROR!
java.sql.SQLException: Access denied for user 'root'@'localhost' (using password: YES)
	at com.mycompany.qlnhahang/Test.SanhUnitTest.test3(SanhUnitTest.java:79)

Test.SanhUnitTest.test4  Time elapsed: 0.013 s  <<< ERROR!
java.sql.SQLException: Access denied for user 'root'@'localhost' (using password: YES)
	at com.mycompany.qlnhahang/Test.SanhUnitTest.test4(SanhUnitTest.java:88)

Test.SanhUnitTest.testUniqueTenSanh  Time elapsed: 0.012 s  <<< ERROR!
java.sql.SQLException: Access denied for user 'root'@'localhost' (using password: YES)
	at com.mycompany.qlnhahang/Test.SanhUnitTest.testUniqueTenSanh(SanhUnitTest.java:45)

