-------------------------------------------------------------------------------
Test set: Test.MonAnUnitTest
-------------------------------------------------------------------------------
Tests run: 5, Failures: 0, Errors: 5, Skipped: 0, Time elapsed: 0.092 s <<< FAILURE! - in Test.MonAnUnitTest
Test.MonAnUnitTest.Test5  Time elapsed: 0.02 s  <<< ERROR!
java.sql.SQLException: Access denied for user 'root'@'localhost' (using password: YES)
	at com.mycompany.qlnhahang/Test.MonAnUnitTest.Test5(MonAnUnitTest.java:80)

Test.MonAnUnitTest.test1  Time elapsed: 0.02 s  <<< ERROR!
java.sql.SQLException: Access denied for user 'root'@'localhost' (using password: YES)
	at com.mycompany.qlnhahang/Test.MonAnUnitTest.test1(MonAnUnitTest.java:32)

Test.MonAnUnitTest.test2  Time elapsed: 0.014 s  <<< ERROR!
java.sql.SQLException: Access denied for user 'root'@'localhost' (using password: YES)
	at com.mycompany.qlnhahang/Test.MonAnUnitTest.test2(MonAnUnitTest.java:56)

Test.MonAnUnitTest.test3  Time elapsed: 0.015 s  <<< ERROR!
java.sql.SQLException: Access denied for user 'root'@'localhost' (using password: YES)
	at com.mycompany.qlnhahang/Test.MonAnUnitTest.test3(MonAnUnitTest.java:63)

Test.MonAnUnitTest.test4  Time elapsed: 0.013 s  <<< ERROR!
java.sql.SQLException: Access denied for user 'root'@'localhost' (using password: YES)
	at com.mycompany.qlnhahang/Test.MonAnUnitTest.test4(MonAnUnitTest.java:71)

