<?xml version="1.0" encoding="UTF-8"?>
<testsuite xmlns:xsi="http://www.w3.org/2001/XMLSchema-instance" xsi:noNamespaceSchemaLocation="https://maven.apache.org/surefire/maven-surefire-plugin/xsd/surefire-test-report-3.0.xsd" version="3.0" name="Test.DichVuUnitTest" time="0.43" tests="5" errors="5" skipped="0" failures="0">
  <properties>
[...]
</properties>
  <testcase name="test2" classname="Test.DichVuUnitTest" time="0.348">
    <error type="java.sql.SQLException"><![CDATA[java.sql.SQLException: Access denied for user 'root'@'localhost' (using password: YES)
	at com.mycompany.qlnhahang/Test.DichVuUnitTest.test2(DichVuUnitTest.java:50)
]]></error>
  </testcase>
  <testcase name="test3" classname="Test.DichVuUnitTest" time="0.021">
    <error type="java.sql.SQLException"><![CDATA[java.sql.SQLException: Access denied for user 'root'@'localhost' (using password: YES)
	at com.mycompany.qlnhahang/Test.DichVuUnitTest.test3(DichVuUnitTest.java:61)
]]></error>
  </testcase>
  <testcase name="test4" classname="Test.DichVuUnitTest" time="0.019">
    <error type="java.sql.SQLException"><![CDATA[java.sql.SQLException: Access denied for user 'root'@'localhost' (using password: YES)
	at com.mycompany.qlnhahang/Test.DichVuUnitTest.test4(DichVuUnitTest.java:70)
]]></error>
  </testcase>
  <testcase name="TestUniqueTenDV" classname="Test.DichVuUnitTest" time="0.018">
    <error type="java.sql.SQLException"><![CDATA[java.sql.SQLException: Access denied for user 'root'@'localhost' (using password: YES)
	at com.mycompany.qlnhahang/Test.DichVuUnitTest.TestUniqueTenDV(DichVuUnitTest.java:30)
]]></error>
  </testcase>
  <testcase name="TestGetDichVuByTenDV" classname="Test.DichVuUnitTest" time="0.018">
    <error type="java.sql.SQLException"><![CDATA[java.sql.SQLException: Access denied for user 'root'@'localhost' (using password: YES)
	at com.mycompany.qlnhahang/Test.DichVuUnitTest.TestGetDichVuByTenDV(DichVuUnitTest.java:80)
]]></error>
  </testcase>
</testsuite>